This is XeTeX, Version 3.14159265-2.6-0.999991 (TeX Live 2019/Debian) (preloaded format=xelatex 2025.7.9)  26 AUG 2025 19:35
entering extended mode
 \write18 enabled.
 file:line:error style messages enabled.
 %&-line parsing enabled.
**/home/irving/workspace/APjs/main
(/home/irving/workspace/APjs/main.tex
LaTeX2e <2020-02-02> patch level 2
L3 programming layer <2020-02-14> (./aastex7.cls
Document Class: aastex7 2025/02/06 Version 7/AAS markup document class
Class aastex Info: 

 Original \LaTeX2.09 style by Chris Biemesderfer (chris@seagoat.com). 
 Adapted to \LaTeXe by A. Ogawa (ogawa@teleport.com)
 emulateapj.cls included, Copyright 2000-2015 Alexey Vikhlinin 
 Rewrite and update of emulateapj.cls, revised and enhanced with table macros, gridlines, draft watermark,
 track changes, new `modern' style and much more, by Amy Hendrickson,
 (amyh@texnology.com, http://www.texnology.com) 
 
  on input line 113.
\bibbaselineskip=\skip47
LaTeX Info: Redefining \@centercr on input line 497.
Class aastex7 Info: Repairing broken LaTeX eqnarray on input line 558.
\eqncolsep=\skip48
Class aastex7 Info: Repairing hyperref-unfriendly LaTeX definition of \mpfootnote on input line 586.
\intertabularlinepenalty=\count163
\@tbpen=\count164
\@arstrutbox@hline=\box45
Class aastex7 Info: Repairing broken LaTeX \@xbitor on input line 1711.
Class aastex7 Info: Making \typeout \long on input line 1976.
ltxfront[2022/06/05 4.2f frontmatter package (AO,DPC,MD)]
\c@affil=\count165
\c@collab=\count166
\absbox=\box46
ltxgrid[2022/06/05 4.2f page grid package (portions licensed from W. E. Baxter web at superscript.com)]
\c@linecount=\count167
\output@latex=\toks14
\box@size@1=\box47
\box@size@2=\box48
\@protection@box=\box49
\@topmark@saved=\toks15
\footins@saved=\box50
\footins@recovered=\box51
\column@recovered=\box52
\pagesofar=\box53
\footsofar=\box54
\pagegrid@col=\count168
Class aastex7 Info: Overriding \@vspace, \@vspacer, \@no@pgbk, \@newline, and \\  on input line 5420.
\c@part=\count169
\c@section=\count170
\c@subsection=\count171
\c@subsubsection=\count172
\c@paragraph=\count173
\c@subparagraph=\count174
\abovecaptionskip=\skip49
\belowcaptionskip=\skip50
\c@figure=\count175
\fbox@1=\box55
\c@table=\count176
\fbox@2=\box56
\c@video=\count177
\fbox@4=\box57
(/usr/share/texlive/texmf-dist/tex/latex/textcase/textcase.sty
Package: textcase 2019/09/14 v1.00 Text only upper/lower case changing (DPC)
) (/usr/share/texlive/texmf-dist/tex/latex/natbib/natbib.sty
Package: natbib 2010/09/13 8.31b (PWD, AO)
\bibhang=\skip51
\bibsep=\skip52
LaTeX Info: Redefining \cite on input line 694.
\c@NAT@ctr=\count178
)
Class aastex7 Info: Repairing natbib's \BibitemShut on input line 6962.
 (/usr/share/texlive/texmf-dist/tex/latex/base/latexsym.sty
Package: latexsym 1998/08/17 v2.2e Standard LaTeX package (lasy symbols)
\symlasy=\mathgroup4
LaTeX Font Info:    Overwriting symbol font `lasy' in version `bold'
(Font)                  U/lasy/m/n --> U/lasy/b/n on input line 52.
) (/usr/share/texlive/texmf-dist/tex/latex/amsfonts/amssymb.sty
Package: amssymb 2013/01/14 v3.01 AMS font symbols
 (/usr/share/texlive/texmf-dist/tex/latex/amsfonts/amsfonts.sty
Package: amsfonts 2013/01/14 v3.01 Basic AMSFonts support
\@emptytoks=\toks16
\symAMSa=\mathgroup5
\symAMSb=\mathgroup6
LaTeX Font Info:    Redeclaring math symbol \hbar on input line 98.
LaTeX Font Info:    Overwriting math alphabet `\mathfrak' in version `bold'
(Font)                  U/euf/m/n --> U/euf/b/n on input line 106.
)) (/usr/share/texlive/texmf-dist/tex/generic/epsf/epsf.sty
This is `epsf.tex' v2.7.4 <14 February 2011>
\epsffilein=\read2
\epsfframemargin=\dimen134
\epsfframethickness=\dimen135
\epsfrsize=\dimen136
\epsftmp=\dimen137
\epsftsize=\dimen138
\epsfxsize=\dimen139
\epsfysize=\dimen140
\pspoints=\dimen141
) (/usr/share/texlive/texmf-dist/tex/latex/graphics/graphicx.sty
Package: graphicx 2019/11/30 v1.2a Enhanced LaTeX Graphics (DPC,SPQR)
 (/usr/share/texlive/texmf-dist/tex/latex/graphics/keyval.sty
Package: keyval 2014/10/28 v1.15 key=value parser (DPC)
\KV@toks@=\toks17
) (/usr/share/texlive/texmf-dist/tex/latex/graphics/graphics.sty
Package: graphics 2019/11/30 v1.4a Standard LaTeX Graphics (DPC,SPQR)
 (/usr/share/texlive/texmf-dist/tex/latex/graphics/trig.sty
Package: trig 2016/01/03 v1.10 sin cos tan (DPC)
) (/usr/share/texlive/texmf-dist/tex/latex/graphics-cfg/graphics.cfg
File: graphics.cfg 2016/06/04 v1.11 sample graphics configuration
)
Package graphics Info: Driver file: xetex.def on input line 105.
 (/usr/share/texlive/texmf-dist/tex/latex/graphics-def/xetex.def
File: xetex.def 2017/06/24 v5.0h Graphics/color driver for xetex
))
\Gin@req@height=\dimen142
\Gin@req@width=\dimen143
)
\rptnum=\count179
\rptloopnum=\count180
\fncount=\count181
\endfncount=\count182
\c@front@matter@foot@note=\count183
\keys@width=\skip53
\c@lastfootnote=\count184
\tempsectnum=\count185
\ackbox=\box58
 (/usr/share/texlive/texmf-dist/tex/latex/base/ifthen.sty
Package: ifthen 2014/09/29 v1.1c Standard LaTeX ifthen package (DPC)
)
\contribbox=\box59
\c@remember@figure@num=\count186
\c@remember@table@num=\count187
\bibskip=\skip54
\bibindent=\dimen144
\plot@width=\skip55
\c@table@save=\count188
\@abovenoteskip=\dimen145
\table@note@skip=\skip56
\deluxe@table@width=\skip57
\@d@t@a=\skip58
\c@deluxe@table@num=\count189
\LTcapwidth=\dimen146
\abovedeluxetableskip=\skip59
\belowdeluxetableskip=\skip60
\lastrowheight=\dimen147
\DT@p@ftn=\toks18
\pt@column=\count190
\pt@ncol=\count191
 (/usr/share/texlive/texmf-dist/tex/latex/url/url.sty
\Urlmuskip=\muskip16
Package: url 2013/09/16  ver 3.4  Verb mode for urls, etc.
) (/usr/share/texlive/texmf-dist/tex/latex/tools/longtable.sty
Package: longtable 2020/01/07 v4.13 Multi-page Table package (DPC)
\LTleft=\skip61
\LTright=\skip62
\LTpre=\skip63
\LTpost=\skip64
\LTchunksize=\count192
\LTcapwidth=\dimen148
\LT@head=\box60
\LT@firsthead=\box61
\LT@foot=\box62
\LT@lastfoot=\box63
\LT@cols=\count193
\LT@rows=\count194
\c@LT@tables=\count195
\c@LT@chunks=\count196
\LT@p@ftn=\toks19
) (/usr/share/texlive/texmf-dist/tex/latex/xcolor/xcolor.sty
Package: xcolor 2016/05/11 v2.12 LaTeX color extensions (UK)
 (/usr/share/texlive/texmf-dist/tex/latex/graphics-cfg/color.cfg
File: color.cfg 2016/01/02 v1.6 sample color configuration
)
Package xcolor Info: Driver file: xetex.def on input line 225.
Package xcolor Info: Model `cmy' substituted by `cmy0' on input line 1348.
Package xcolor Info: Model `RGB' extended on input line 1364.
Package xcolor Info: Model `HTML' substituted by `rgb' on input line 1366.
Package xcolor Info: Model `Hsb' substituted by `hsb' on input line 1367.
Package xcolor Info: Model `tHsb' substituted by `hsb' on input line 1368.
Package xcolor Info: Model `HSB' substituted by `hsb' on input line 1369.
Package xcolor Info: Model `Gray' substituted by `gray' on input line 1370.
Package xcolor Info: Model `wave' substituted by `hsb' on input line 1371.
) (/usr/share/texlive/texmf-dist/tex/latex/hyperref/hyperref.sty
Package: hyperref 2020/01/14 v7.00d Hypertext links for LaTeX
 (/usr/share/texlive/texmf-dist/tex/generic/ltxcmds/ltxcmds.sty
Package: ltxcmds 2019/12/15 v1.24 LaTeX kernel commands for general use (HO)
) (/usr/share/texlive/texmf-dist/tex/generic/iftex/iftex.sty
Package: iftex 2019/11/07 v1.0c TeX engine tests
) (/usr/share/texlive/texmf-dist/tex/latex/pdftexcmds/pdftexcmds.sty
Package: pdftexcmds 2019/11/24 v0.31 Utility functions of pdfTeX for LuaTeX (HO)
 (/usr/share/texlive/texmf-dist/tex/generic/infwarerr/infwarerr.sty
Package: infwarerr 2019/12/03 v1.5 Providing info/warning/error messages (HO)
)
Package pdftexcmds Info: \pdf@primitive is available.
Package pdftexcmds Info: \pdf@ifprimitive is available.
Package pdftexcmds Info: \pdfdraftmode not found.
) (/usr/share/texlive/texmf-dist/tex/generic/kvsetkeys/kvsetkeys.sty
Package: kvsetkeys 2019/12/15 v1.18 Key value parser (HO)
) (/usr/share/texlive/texmf-dist/tex/generic/kvdefinekeys/kvdefinekeys.sty
Package: kvdefinekeys 2019-12-19 v1.6 Define keys (HO)
) (/usr/share/texlive/texmf-dist/tex/generic/pdfescape/pdfescape.sty
Package: pdfescape 2019/12/09 v1.15 Implements pdfTeX's escape features (HO)
) (/usr/share/texlive/texmf-dist/tex/latex/hycolor/hycolor.sty
Package: hycolor 2020-01-27 v1.10 Color options for hyperref/bookmark (HO)
) (/usr/share/texlive/texmf-dist/tex/latex/letltxmacro/letltxmacro.sty
Package: letltxmacro 2019/12/03 v1.6 Let assignment for LaTeX macros (HO)
) (/usr/share/texlive/texmf-dist/tex/latex/auxhook/auxhook.sty
Package: auxhook 2019-12-17 v1.6 Hooks for auxiliary files (HO)
) (/usr/share/texlive/texmf-dist/tex/latex/kvoptions/kvoptions.sty
Package: kvoptions 2019/11/29 v3.13 Key value format for package options (HO)
)
\@linkdim=\dimen149
\Hy@linkcounter=\count197
\Hy@pagecounter=\count198
 (/usr/share/texlive/texmf-dist/tex/latex/hyperref/pd1enc.def
File: pd1enc.def 2020/01/14 v7.00d Hyperref: PDFDocEncoding definition (HO)
) (/usr/share/texlive/texmf-dist/tex/generic/intcalc/intcalc.sty
Package: intcalc 2019/12/15 v1.3 Expandable calculations with integers (HO)
) (/usr/share/texlive/texmf-dist/tex/generic/etexcmds/etexcmds.sty
Package: etexcmds 2019/12/15 v1.7 Avoid name clashes with e-TeX commands (HO)
)
\Hy@SavedSpaceFactor=\count199
Package hyperref Info: Option `bookmarks' set `true' on input line 4421.
Package hyperref Info: Option `pdfnewwindow' set `true' on input line 4421.
Package hyperref Info: Option `colorlinks' set `true' on input line 4421.
Package hyperref Info: Option `final' set `true' on input line 4421.
Package hyperref Info: Hyper figures OFF on input line 4547.
Package hyperref Info: Link nesting OFF on input line 4552.
Package hyperref Info: Hyper index ON on input line 4555.
Package hyperref Info: Plain pages OFF on input line 4562.
Package hyperref Info: Backreferencing OFF on input line 4567.
Package hyperref Info: Implicit mode ON; LaTeX internals redefined.
Package hyperref Info: Bookmarks ON on input line 4800.
LaTeX Info: Redefining \href on input line 5070.
\c@Hy@tempcnt=\count266
LaTeX Info: Redefining \url on input line 5159.
\XeTeXLinkMargin=\dimen150
 (/usr/share/texlive/texmf-dist/tex/generic/bitset/bitset.sty
Package: bitset 2019/12/09 v1.3 Handle bit-vector datatype (HO)
 (/usr/share/texlive/texmf-dist/tex/generic/bigintcalc/bigintcalc.sty
Package: bigintcalc 2019/12/15 v1.5 Expandable calculations on big integers (HO)
))
\Fld@menulength=\count267
\Field@Width=\dimen151
\Fld@charsize=\dimen152
Package hyperref Info: Hyper figures OFF on input line 6430.
Package hyperref Info: Link nesting OFF on input line 6435.
Package hyperref Info: Hyper index ON on input line 6438.
Package hyperref Info: backreferencing OFF on input line 6445.
Package hyperref Info: Link coloring ON on input line 6448.
Package hyperref Info: Link coloring with OCG OFF on input line 6455.
Package hyperref Info: PDF/A mode OFF on input line 6460.
LaTeX Info: Redefining \ref on input line 6500.
LaTeX Info: Redefining \pageref on input line 6504.
 (/usr/share/texlive/texmf-dist/tex/generic/atbegshi/atbegshi.sty
Package: atbegshi 2019/12/05 v1.19 At begin shipout hook (HO)
)
\Hy@abspage=\count268
\c@Item=\count269
\c@Hfootnote=\count270
)
Package hyperref Info: Driver (autodetected): hxetex.
 (/usr/share/texlive/texmf-dist/tex/latex/hyperref/hxetex.def
File: hxetex.def 2020/01/14 v7.00d Hyperref driver for XeTeX
 (/usr/share/texlive/texmf-dist/tex/latex/hyperref/puenc.def
File: puenc.def 2020/01/14 v7.00d Hyperref: PDF Unicode definition (HO)
) (/usr/share/texlive/texmf-dist/tex/generic/stringenc/stringenc.sty
Package: stringenc 2019/11/29 v1.12 Convert strings between diff. encodings (HO)
)
\pdfm@box=\box64
\c@Hy@AnnotLevel=\count271
\HyField@AnnotCount=\count272
\Fld@listcount=\count273
\c@bookmark@seq@number=\count274
 (/usr/share/texlive/texmf-dist/tex/latex/rerunfilecheck/rerunfilecheck.sty
Package: rerunfilecheck 2019/12/05 v1.9 Rerun checks for auxiliary files (HO)
 (/usr/share/texlive/texmf-dist/tex/latex/atveryend/atveryend.sty
Package: atveryend 2019-12-11 v1.11 Hooks at the very end of document (HO)
) (/usr/share/texlive/texmf-dist/tex/generic/uniquecounter/uniquecounter.sty
Package: uniquecounter 2019/12/15 v1.4 Provide unlimited unique counter (HO)
)
Package uniquecounter Info: New unique counter `rerunfilecheck' on input line 286.
)
\Hy@SectionHShift=\skip65
) (/usr/share/texlive/texmf-dist/tex/latex/tools/array.sty
Package: array 2019/08/31 v2.4l Tabular extension package (FMi)
\col@sep=\dimen153
\ar@mcellbox=\box65
\extrarowheight=\dimen154
\NC@list=\toks20
\extratabsurround=\skip66
\backup@length=\skip67
\ar@cellbox=\box66
)
\colcount=\count275
\firstcolcount=\count276
\secondcolcount=\count277
\thirdcolcount=\count278
\columncount=\count279
\howmanyDs=\count280
\firsthowmanyDs=\count281
\secondhowmanyDs=\count282
\PartsOfTable=\count283
\columnoneandtwo=\count284
\colnumsused=\count285
\loopnum=\count286
\totalcolumncount=\count287
\totalcolumns=\count288
\firsttablebox=\box67
\secondtablebox=\box68
\thirdtablebox=\box69
\deluxetablecnt=\count289
\toprulebelowsep=\dimen155
 (/usr/share/texlive/texmf-dist/tex/latex/graphics/rotating.sty
Package: rotating 2016/08/11 v2.16d rotated objects in LaTeX
\c@r@tfl@t=\count290
\rotFPtop=\skip68
\rotFPbot=\skip69
\rot@float@box=\box70
\rot@mess@toks=\toks21
)
\zdeluxetablecnt=\count291
\longtablebox=\box71
\aassplitbox=\box72
\movetabledown=\dimen156
\maxtablewidth=\dimen157
\savetabskip=\dimen158
\tempcounter=\count292
\colheadcount=\count293
\rotatetablebox=\box73
\tempallauthorcnt=\count294
\printallauthorcnt=\count295
\refchangenumber=\count296
\listchangenum=\count297
 (/usr/share/texlive/texmf-dist/tex/generic/ulem/ulem.sty
\UL@box=\box74
\UL@hyphenbox=\box75
\UL@skip=\skip70
\UL@hook=\toks22
\UL@height=\dimen159
\UL@pe=\count298
\UL@pixel=\dimen160
\ULC@box=\box76
Package: ulem 2019/11/18
\ULdepth=\dimen161
)
\entriesinthiscollab=\count299
\allentries=\count300
\allauthorcnt=\count301
\cofirstauthorcnt=\count302
\AuthorCollaborationLimit=\count303
\largestAffilNum=\count304
\totalentries=\count305
\docollabnum=\count306
\@docollabnum=\count307
\tempauthornumber=\count308
\countauthors=\count309
\testnum=\count310
\restauentries=\count311
\tempauthorminusone=\count312
\affilnum=\count313
\c@affilcount=\count314
\numauthors=\count315
\collabnum=\count316
\collabnamebox=\box77
\widetext@top=\box78
\widetext@bot=\box79
\currwidth=\dimen162
\interactbox=\box80
\movetableright=\dimen163
 (/usr/share/texlive/texmf-dist/tex/latex/lineno/lineno.sty
Package: lineno 2005/11/02 line numbers on paragraphs v4.41
Invalid UTF-8 byte or sequence at line 296 replaced by U+FFFD.
\linenopenalty=\count317
\output=\toks23
\linenoprevgraf=\count318
\linenumbersep=\dimen164
\linenumberwidth=\dimen165
\c@linenumber=\count319
\c@pagewiselinenumber=\count320
\c@LN@truepage=\count321
\c@internallinenumber=\count322
\c@internallinenumbers=\count323
\quotelinenumbersep=\dimen166
\bframerule=\dimen167
\bframesep=\dimen168
\bframebox=\box81
LaTeX Info: Redefining \\ on input line 3056.
)) (/usr/share/texlive/texmf-dist/tex/latex/ctex/ctex.sty (/usr/share/texlive/texmf-dist/tex/latex/l3kernel/expl3.sty
Package: expl3 2020-02-14 L3 programming layer (loader) 
 (/usr/share/texlive/texmf-dist/tex/latex/l3backend/l3backend-xdvipdfmx.def
File: l3backend-xdvipdfmx.def 2020-02-03 L3 backend support: xdvipdfmx
\g__graphics_track_int=\count324
\l__pdf_internal_box=\box82
\g__pdf_backend_object_int=\count325
\g__pdf_backend_annotation_int=\count326
))
Package: ctex 2019/05/29 v2.4.16 Chinese adapter in LaTeX (CTEX)
 (/usr/share/texlive/texmf-dist/tex/latex/l3packages/xparse/xparse.sty
Package: xparse 2020-02-14 L3 Experimental document command parser
\l__xparse_current_arg_int=\count327
\g__xparse_grabber_int=\count328
\l__xparse_m_args_int=\count329
\l__xparse_v_nesting_int=\count330
) (/usr/share/texlive/texmf-dist/tex/latex/l3packages/l3keys2e/l3keys2e.sty
Package: l3keys2e 2020-02-14 LaTeX2e option processing using LaTeX3 keys
) (/usr/share/texlive/texmf-dist/tex/latex/ctex/ctexhook.sty
Package: ctexhook 2019/05/29 v2.4.16 Document and package hooks (CTEX)
) (/usr/share/texlive/texmf-dist/tex/latex/ctex/ctexpatch.sty
Package: ctexpatch 2019/05/29 v2.4.16 Patching commands (CTEX)
) (/usr/share/texlive/texmf-dist/tex/latex/base/fix-cm.sty
Package: fix-cm 2015/01/14 v1.1t fixes to LaTeX
 (/usr/share/texlive/texmf-dist/tex/latex/base/ts1enc.def
File: ts1enc.def 2001/06/05 v3.0e (jk/car/fm) Standard LaTeX file
LaTeX Font Info:    Redeclaring font encoding TS1 on input line 47.
)) (/usr/share/texlive/texmf-dist/tex/latex/ms/everysel.sty
Package: everysel 2011/10/28 v1.2 EverySelectfont Package (MS)
)
\l__ctex_tmp_int=\count331
\l__ctex_tmp_box=\box83
\l__ctex_tmp_dim=\dimen169
\g__ctex_section_depth_int=\count332
\g__ctex_font_size_int=\count333
 (/usr/share/texlive/texmf-dist/tex/latex/ctex/config/ctexopts.cfg
File: ctexopts.cfg 2019/05/29 v2.4.16 Option configuration file (CTEX)
) (/usr/share/texlive/texmf-dist/tex/latex/ctex/engine/ctex-engine-xetex.def
File: ctex-engine-xetex.def 2019/05/29 v2.4.16 XeLaTeX adapter (CTEX)
 (/usr/share/texlive/texmf-dist/tex/xelatex/xecjk/xeCJK.sty
Package: xeCJK 2020/02/14 v3.8.1 Typesetting CJK scripts with XeLaTeX
 (/usr/share/texlive/texmf-dist/tex/latex/l3packages/xtemplate/xtemplate.sty
Package: xtemplate 2020-02-14 L3 Experimental prototype document functions
\l__xtemplate_tmp_dim=\dimen170
\l__xtemplate_tmp_int=\count334
\l__xtemplate_tmp_muskip=\muskip17
\l__xtemplate_tmp_skip=\skip71
)
\l__xeCJK_tmp_int=\count335
\l__xeCJK_tmp_box=\box84
\l__xeCJK_tmp_dim=\dimen171
\l__xeCJK_tmp_skip=\skip72
\g__xeCJK_space_factor_int=\count336
\l__xeCJK_begin_int=\count337
\l__xeCJK_end_int=\count338
\c__xeCJK_CJK_class_int=\XeTeXcharclass1
\c__xeCJK_FullLeft_class_int=\XeTeXcharclass2
\c__xeCJK_FullRight_class_int=\XeTeXcharclass3
\c__xeCJK_HalfLeft_class_int=\XeTeXcharclass4
\c__xeCJK_HalfRight_class_int=\XeTeXcharclass5
\c__xeCJK_NormalSpace_class_int=\XeTeXcharclass6
\c__xeCJK_CM_class_int=\XeTeXcharclass7
\c__xeCJK_HangulJamo_class_int=\XeTeXcharclass8
\l__xeCJK_last_skip=\skip73
\g__xeCJK_node_int=\count339
\c__xeCJK_CJK_node_dim=\dimen172
\c__xeCJK_CJK-space_node_dim=\dimen173
\c__xeCJK_default_node_dim=\dimen174
\c__xeCJK_default-space_node_dim=\dimen175
\c__xeCJK_CJK-widow_node_dim=\dimen176
\c__xeCJK_normalspace_node_dim=\dimen177
\l__xeCJK_ccglue_skip=\skip74
\l__xeCJK_ecglue_skip=\skip75
\l__xeCJK_punct_kern_skip=\skip76
\l__xeCJK_last_penalty_int=\count340
\l__xeCJK_last_bound_dim=\dimen178
\l__xeCJK_last_kern_dim=\dimen179
\l__xeCJK_widow_penalty_int=\count341

Package xtemplate Info: Declaring object type 'xeCJK/punctuation' taking 0
(xtemplate)             argument(s) on line 2302.

\l__xeCJK_fixed_punct_width_dim=\dimen180
\l__xeCJK_mixed_punct_width_dim=\dimen181
\l__xeCJK_middle_punct_width_dim=\dimen182
\l__xeCJK_fixed_margin_width_dim=\dimen183
\l__xeCJK_mixed_margin_width_dim=\dimen184
\l__xeCJK_middle_margin_width_dim=\dimen185
\l__xeCJK_bound_punct_width_dim=\dimen186
\l__xeCJK_bound_margin_width_dim=\dimen187
\l__xeCJK_margin_minimum_dim=\dimen188
\l__xeCJK_kerning_total_width_dim=\dimen189
\l__xeCJK_same_align_margin_dim=\dimen190
\l__xeCJK_different_align_margin_dim=\dimen191
\l__xeCJK_kerning_margin_width_dim=\dimen192
\l__xeCJK_kerning_margin_minimum_dim=\dimen193
\l__xeCJK_bound_dim=\dimen194
\l__xeCJK_reverse_bound_dim=\dimen195
\l__xeCJK_margin_dim=\dimen196
\l__xeCJK_minimum_bound_dim=\dimen197
\l__xeCJK_kerning_margin_dim=\dimen198
\g__xeCJK_family_int=\count342
\l__xeCJK_fam_int=\count343
\g__xeCJK_fam_allocation_int=\count344
\l__xeCJK_verb_case_int=\count345
\l__xeCJK_verb_exspace_skip=\skip77
 (/usr/share/texlive/texmf-dist/tex/latex/fontspec/fontspec.sty
Package: fontspec 2020/02/03 v2.7h Font selection for XeLaTeX and LuaLaTeX
 (/usr/share/texlive/texmf-dist/tex/latex/fontspec/fontspec-xetex.sty
Package: fontspec-xetex 2020/02/03 v2.7h Font selection for XeLaTeX and LuaLaTeX
\l__fontspec_script_int=\count346
\l__fontspec_language_int=\count347
\l__fontspec_strnum_int=\count348
\l__fontspec_tmp_int=\count349
\l__fontspec_tmpa_int=\count350
\l__fontspec_tmpb_int=\count351
\l__fontspec_tmpc_int=\count352
\l__fontspec_em_int=\count353
\l__fontspec_emdef_int=\count354
\l__fontspec_strong_int=\count355
\l__fontspec_strongdef_int=\count356
\l__fontspec_tmpa_dim=\dimen199
\l__fontspec_tmpb_dim=\dimen256
\l__fontspec_tmpc_dim=\dimen257
 (/usr/share/texlive/texmf-dist/tex/latex/base/fontenc.sty
Package: fontenc 2020/02/11 v2.0o Standard LaTeX package
) (/usr/share/texlive/texmf-dist/tex/latex/fontspec/fontspec.cfg))) (/usr/share/texlive/texmf-dist/tex/xelatex/xecjk/xeCJK.cfg
File: xeCJK.cfg 2020/02/14 v3.8.1 Configuration file for xeCJK package
)) (/usr/share/texlive/texmf-dist/tex/xelatex/xecjk/xeCJKfntef.sty
Package: xeCJKfntef 2020/02/14 v3.8.1 xeCJK font effect
\l__xeCJK_space_skip=\skip78
\c__xeCJK_ulem-begin_node_dim=\dimen258
\c__xeCJK_null_box=\box85
\l__xeCJK_fntef_box=\box86
\l__xeCJK_under_symbol_box=\box87
\c__xeCJK_filll_skip=\skip79
)
\ccwd=\dimen259
\l__ctex_ccglue_skip=\skip80
)
\l__ctex_ziju_dim=\dimen260
 (/usr/share/texlive/texmf-dist/tex/latex/zhnumber/zhnumber.sty
Package: zhnumber 2019/04/07 v2.7 Typesetting numbers with Chinese glyphs
\l__zhnum_scale_int=\count357
 (/usr/share/texlive/texmf-dist/tex/latex/zhnumber/zhnumber-utf8.cfg
File: zhnumber-utf8.cfg 2019/04/07 v2.7 Chinese numerals with UTF8 encoding
)) (/usr/share/texlive/texmf-dist/tex/latex/ctex/scheme/ctex-scheme-chinese.def
File: ctex-scheme-chinese.def 2019/05/29 v2.4.16 Chinese scheme for generic (CTEX)
 (/usr/share/texlive/texmf-dist/tex/latex/ctex/config/ctex-name-utf8.cfg
File: ctex-name-utf8.cfg 2019/05/29 v2.4.16 Caption with encoding UTF8 (CTEX)
)) (/usr/share/texlive/texmf-dist/tex/latex/ctex/ctex-c5size.clo
File: ctex-c5size.clo 2019/05/29 v2.4.16 c5size option (CTEX)
) (/usr/share/texlive/texmf-dist/tex/latex/ctex/fontset/ctex-fontset-fandol.def
File: ctex-fontset-fandol.def 2019/05/29 v2.4.16 Fandol fonts definition (CTEX)


Package fontspec Warning: Font "FandolSong-Regular" does not contain requested
(fontspec)                Script "CJK".


Package fontspec Info: Font family 'FandolSong-Regular(0)' created for font
(fontspec)             'FandolSong-Regular' with options
(fontspec)             [Script={CJK},Extension={.otf},BoldFont={FandolSong-Bold},ItalicFont={FandolKai-Regular}].
(fontspec)              
(fontspec)              This font family consists of the following NFSS
(fontspec)             series/shapes:
(fontspec)              
(fontspec)             - 'normal' (m/n) with NFSS spec.:
(fontspec)             <->"[FandolSong-Regular.otf]/OT:language=dflt;"
(fontspec)             - 'small caps'  (m/sc) with NFSS spec.: 
(fontspec)             - 'bold' (b/n) with NFSS spec.:
(fontspec)             <->"[FandolSong-Bold.otf]/OT:language=dflt;"
(fontspec)             - 'bold small caps'  (b/sc) with NFSS spec.: 
(fontspec)             - 'italic' (m/it) with NFSS spec.:
(fontspec)             <->"[FandolKai-Regular.otf]/OT:language=dflt;"
(fontspec)             - 'italic small caps'  (m/scit) with NFSS spec.: 

)) (/usr/share/texlive/texmf-dist/tex/latex/ctex/config/ctex.cfg
File: ctex.cfg 2019/05/29 v2.4.16 Configuration file (CTEX)
) (/usr/share/texlive/texmf-dist/tex/latex/booktabs/booktabs.sty
Package: booktabs 2020/01/12 v1.61803398 Publication quality tables
\heavyrulewidth=\dimen261
\lightrulewidth=\dimen262
\cmidrulewidth=\dimen263
\belowrulesep=\dimen264
\belowbottomsep=\dimen265
\aboverulesep=\dimen266
\abovetopsep=\dimen267
\cmidrulesep=\dimen268
\cmidrulekern=\dimen269
\defaultaddspace=\dimen270
\@cmidla=\count358
\@cmidlb=\count359
\@aboverulesep=\dimen271
\@belowrulesep=\dimen272
\@thisruleclass=\count360
\@lastruleclass=\count361
\@thisrulewidth=\dimen273
) (/usr/share/texlive/texmf-dist/tex/latex/multirow/multirow.sty
Package: multirow 2019/05/31 v2.5 Span multiple rows of a table
\multirow@colwidth=\skip81
\multirow@cntb=\count362
\multirow@dima=\skip82
\bigstrutjot=\dimen274
) (/usr/share/texlive/texmf-dist/tex/latex/amsmath/amsmath.sty
Package: amsmath 2020/01/20 v2.17e AMS math features
\@mathmargin=\skip83

For additional information on amsmath, use the `?' option.
(/usr/share/texlive/texmf-dist/tex/latex/amsmath/amstext.sty
Package: amstext 2000/06/29 v2.01 AMS text
 (/usr/share/texlive/texmf-dist/tex/latex/amsmath/amsgen.sty
File: amsgen.sty 1999/11/30 v2.0 generic functions
\@emptytoks=\toks24
\ex@=\dimen275
)
LaTeX Info: Redefining \text on input line 28.
) (/usr/share/texlive/texmf-dist/tex/latex/amsmath/amsbsy.sty
Package: amsbsy 1999/11/29 v1.2d Bold Symbols
\pmbraise@=\dimen276
) (/usr/share/texlive/texmf-dist/tex/latex/amsmath/amsopn.sty
Package: amsopn 2016/03/08 v2.02 operator names
)
\inf@bad=\count363
LaTeX Info: Redefining \frac on input line 227.
\uproot@=\count364
\leftroot@=\count365
LaTeX Info: Redefining \overline on input line 389.
\classnum@=\count366
\DOTSCASE@=\count367
LaTeX Info: Redefining \ldots on input line 486.
LaTeX Info: Redefining \dots on input line 489.
LaTeX Info: Redefining \cdots on input line 610.
\Mathstrutbox@=\box88
\strutbox@=\box89
\big@size=\dimen277
LaTeX Font Info:    Redeclaring font encoding OML on input line 733.
LaTeX Font Info:    Redeclaring font encoding OMS on input line 734.
\macc@depth=\count368
\c@MaxMatrixCols=\count369
\dotsspace@=\muskip18
\c@parentequation=\count370
\dspbrk@lvl=\count371
\tag@help=\toks25
\row@=\count372
\column@=\count373
\maxfields@=\count374
\andhelp@=\toks26
\eqnshift@=\dimen278
\alignsep@=\dimen279
\tagshift@=\dimen280
\tagwidth@=\dimen281
\totwidth@=\dimen282
\lineht@=\dimen283
\@envbody=\toks27
\multlinegap=\skip84
\multlinetaggap=\skip85
\mathdisplay@stack=\toks28
LaTeX Info: Redefining \[ on input line 2859.
LaTeX Info: Redefining \] on input line 2860.
) (/usr/share/texlive/texmf-dist/tex/latex/lastpage/lastpage.sty
Package: lastpage 2015/03/29 v1.2m Refers to last page's name (HMM; JPG)
) (/usr/share/texlive/texmf-dist/tex/latex/fancyhdr/fancyhdr.sty
Package: fancyhdr 2019/01/31 v3.10 Extensive control of page headers and footers
\f@nch@headwidth=\skip86
\f@nch@O@elh=\skip87
\f@nch@O@erh=\skip88
\f@nch@O@olh=\skip89
\f@nch@O@orh=\skip90
\f@nch@O@elf=\skip91
\f@nch@O@erf=\skip92
\f@nch@O@olf=\skip93
\f@nch@O@orf=\skip94
) (/usr/share/texlive/texmf-dist/tex/latex/float/float.sty
Package: float 2001/11/08 v1.3d Float enhancements (AL)
\c@float@type=\count375
\float@exts=\toks29
\float@box=\box90
\@float@everytoks=\toks30
\@floatcapt=\box91
) (/usr/share/texlive/texmf-dist/tex/latex/biblatex/biblatex.sty
Package: biblatex 2019/12/01 v3.14 programmable bibliographies (PK/MW)
 (/usr/share/texlive/texmf-dist/tex/latex/etoolbox/etoolbox.sty
Package: etoolbox 2019/09/21 v2.5h e-TeX tools for LaTeX (JAW)
\etb@tempcnta=\count376
) (/usr/share/texlive/texmf-dist/tex/latex/logreq/logreq.sty
Package: logreq 2010/08/04 v1.0 xml request logger
\lrq@indent=\count377
 (/usr/share/texlive/texmf-dist/tex/latex/logreq/logreq.def
File: logreq.def 2010/08/04 v1.0 logreq spec v1.0
))

/usr/share/texlive/texmf-dist/tex/latex/biblatex/biblatex.sty:155: Package biblatex Error: Incompatible package 'natbib'.

See the biblatex package documentation for explanation.
Type  H <return>  for immediate help.
 ...                                              
                                                  
l.155 \blx@packageincompatibility
                                 
The 'natbib' package and biblatex are incompatible.

\c@tabx@nest=\count378
\c@listtotal=\count379
\c@listcount=\count380
\c@liststart=\count381
\c@liststop=\count382
\c@citecount=\count383
\c@citetotal=\count384
\c@multicitecount=\count385
\c@multicitetotal=\count386
\c@instcount=\count387
\c@maxnames=\count388
\c@minnames=\count389
\c@maxitems=\count390
\c@minitems=\count391
\c@citecounter=\count392
\c@maxcitecounter=\count393
\c@savedcitecounter=\count394
\c@uniquelist=\count395
\c@uniquename=\count396
\c@refsection=\count397
\c@refsegment=\count398
\c@maxextratitle=\count399
\c@maxextratitleyear=\count400
\c@maxextraname=\count401
\c@maxextradate=\count402
\c@maxextraalpha=\count403
\c@abbrvpenalty=\count404
\c@highnamepenalty=\count405
\c@lownamepenalty=\count406
\c@maxparens=\count407
\c@parenlevel=\count408
\blx@tempcnta=\count409
\blx@tempcntb=\count410
\blx@tempcntc=\count411
\blx@maxsection=\count412
\blx@maxsegment@0=\count413
\blx@notetype=\count414
\blx@parenlevel@text=\count415
\blx@parenlevel@foot=\count416
\blx@sectionciteorder@0=\count417
\blx@entrysetcounter=\count418
\labelnumberwidth=\skip95
\labelalphawidth=\skip96
\biblabelsep=\skip97
\bibitemsep=\skip98
\bibnamesep=\skip99
\bibinitsep=\skip100
\bibparsep=\skip101

/usr/share/texlive/texmf-dist/tex/latex/biblatex/biblatex.sty:738: LaTeX Error: Command \bibhang already defined.
               Or name \end... illegal, see p.192 of the manual.

See the LaTeX manual or LaTeX Companion for explanation.
Type  H <return>  for immediate help.
 ...                                              
                                                  
l.738 \newlength{\bibhang}
                          
Your command was ignored.
Type  I <command> <return>  to replace it with another command,
or  <return>  to continue without it.

\blx@bcfin=\read3
\blx@bcfout=\write3
\blx@langwohyphens=\language31
\c@mincomprange=\count419
\c@maxcomprange=\count420
\c@mincompwidth=\count421
Package biblatex Info: Trying to load biblatex default data model...
Package biblatex Info: ... file 'blx-dm.def' found.
(/usr/share/texlive/texmf-dist/tex/latex/biblatex/blx-dm.def
File: blx-dm.def 2019/12/01 v3.14 biblatex localization (PK/MW)
)
Package biblatex Info: Trying to load biblatex custom data model...
Package biblatex Info: ... file 'biblatex-dm.cfg' not found.
\c@afterword=\count422
\c@savedafterword=\count423
\c@annotator=\count424
\c@savedannotator=\count425
\c@author=\count426
\c@savedauthor=\count427
\c@bookauthor=\count428
\c@savedbookauthor=\count429
\c@commentator=\count430
\c@savedcommentator=\count431
\c@editor=\count432
\c@savededitor=\count433
\c@editora=\count434
\c@savededitora=\count435
\c@editorb=\count436
\c@savededitorb=\count437
\c@editorc=\count438
\c@savededitorc=\count439
\c@foreword=\count440
\c@savedforeword=\count441
\c@holder=\count442
\c@savedholder=\count443
\c@introduction=\count444
\c@savedintroduction=\count445
\c@namea=\count446
\c@savednamea=\count447
\c@nameb=\count448
\c@savednameb=\count449
\c@namec=\count450
\c@savednamec=\count451
\c@translator=\count452
\c@savedtranslator=\count453
\c@shortauthor=\count454
\c@savedshortauthor=\count455
\c@shorteditor=\count456
\c@savedshorteditor=\count457
\c@labelname=\count458
\c@savedlabelname=\count459
\c@institution=\count460
\c@savedinstitution=\count461
\c@lista=\count462
\c@savedlista=\count463
\c@listb=\count464
\c@savedlistb=\count465
\c@listc=\count466
\c@savedlistc=\count467
\c@listd=\count468
\c@savedlistd=\count469
\c@liste=\count470
\c@savedliste=\count471
\c@listf=\count472
\c@savedlistf=\count473
\c@location=\count474
\c@savedlocation=\count475
\c@organization=\count476
\c@savedorganization=\count477
\c@origlocation=\count478
\c@savedoriglocation=\count479
\c@origpublisher=\count480
\c@savedorigpublisher=\count481
\c@publisher=\count482
\c@savedpublisher=\count483
\c@language=\count484
\c@savedlanguage=\count485
\c@origlanguage=\count486
\c@savedoriglanguage=\count487
\c@pageref=\count488
\c@savedpageref=\count489
\shorthandwidth=\skip102
\shortjournalwidth=\skip103
\shortserieswidth=\skip104
\shorttitlewidth=\skip105
\shortauthorwidth=\skip106
\shorteditorwidth=\skip107
\locallabelnumberwidth=\skip108
\locallabelalphawidth=\skip109
\localshorthandwidth=\skip110
\localshortjournalwidth=\skip111
\localshortserieswidth=\skip112
\localshorttitlewidth=\skip113
\localshortauthorwidth=\skip114
\localshorteditorwidth=\skip115


/usr/share/texlive/texmf-dist/tex/latex/biblatex/biblatex.sty:11812: LaTeX Error: Command \citename already defined.
               Or name \end... illegal, see p.192 of the manual.

See the LaTeX manual or LaTeX Companion for explanation.
Type  H <return>  for immediate help.
 ...                                              
                                                  
l.11812 ...*{\citename}{\blx@citexpunct{citename}}
                                                  
Your command was ignored.
Type  I <command> <return>  to replace it with another command,
or  <return>  to continue without it.


/usr/share/texlive/texmf-dist/tex/latex/biblatex/biblatex.sty:11906: LaTeX Error: Command \textcite already defined.
               Or name \end... illegal, see p.192 of the manual.

See the LaTeX manual or LaTeX Companion for explanation.
Type  H <return>  for immediate help.
 ...                                              
                                                  
l.11906 ...tcite}{\blx@warn@citecmd\textcite\cite}
                                                  
Your command was ignored.
Type  I <command> <return>  to replace it with another command,
or  <return>  to continue without it.

Package biblatex Info: Trying to load enhanced support for Unicode engines...
Package biblatex Info: ... file 'blx-unicode.def' found.
(/usr/share/texlive/texmf-dist/tex/latex/biblatex/blx-unicode.def)
Package biblatex Info: Trying to load compatibility code...
Package biblatex Info: ... file 'blx-compat.def' found.
 (/usr/share/texlive/texmf-dist/tex/latex/biblatex/blx-compat.def
File: blx-compat.def 2019/12/01 v3.14 biblatex compatibility (PK/MW)
)
Package biblatex Info: Trying to load generic definitions...
Package biblatex Info: ... file 'biblatex.def' found.
 (/usr/share/texlive/texmf-dist/tex/latex/biblatex/biblatex.def
File: biblatex.def 2019/12/01 v3.14 biblatex compatibility (PK/MW)
\c@textcitecount=\count490
\c@textcitetotal=\count491
\c@textcitemaxnames=\count492
\c@biburlbigbreakpenalty=\count493
\c@biburlbreakpenalty=\count494
\c@biburlnumpenalty=\count495
\c@biburlucpenalty=\count496
\c@biburllcpenalty=\count497
\biburlbigskip=\muskip19
\biburlnumskip=\muskip20
\biburlucskip=\muskip21
\biburllcskip=\muskip22


/usr/share/texlive/texmf-dist/tex/latex/biblatex/biblatex.def:320: LaTeX Error: Command \bibfont already defined.
               Or name \end... illegal, see p.192 of the manual.

See the LaTeX manual or LaTeX Companion for explanation.
Type  H <return>  for immediate help.
 ...                                              
                                                  
l.320 ...ommand*{\bibfont}{\normalfont\normalsize}
                                                  
Your command was ignored.
Type  I <command> <return>  to replace it with another command,
or  <return>  to continue without it.

\c@smartand=\count498

Package biblatex Warning: Redefining '\citeauthor'.


Package biblatex Warning: Redefining '\citeyear'.


/usr/share/texlive/texmf-dist/tex/latex/biblatex/biblatex.def:2251: LaTeX Error: Command \Citeauthor already defined.
               Or name \end... illegal, see p.192 of the manual.

See the LaTeX manual or LaTeX Companion for explanation.
Type  H <return>  for immediate help.
 ...                                              
                                                  
l.2251 ...e\citeauthor*}{\bibsentence\citeauthor}}
                                                  
Your command was ignored.
Type  I <command> <return>  to replace it with another command,
or  <return>  to continue without it.

)
Package biblatex Info: Trying to load bibliography style 'numeric'...
Package biblatex Info: ... file 'numeric.bbx' found.
 (/usr/share/texlive/texmf-dist/tex/latex/biblatex/bbx/numeric.bbx
File: numeric.bbx 2019/12/01 v3.14 biblatex bibliography style (PK/MW)
Package biblatex Info: Trying to load bibliography style 'standard'...
Package biblatex Info: ... file 'standard.bbx' found.
 (/usr/share/texlive/texmf-dist/tex/latex/biblatex/bbx/standard.bbx
File: standard.bbx 2019/12/01 v3.14 biblatex bibliography style (PK/MW)
\c@bbx:relatedcount=\count499
\c@bbx:relatedtotal=\count500
))
Package biblatex Info: Trying to load citation style 'numeric'...
Package biblatex Info: ... file 'numeric.cbx' found.
 (/usr/share/texlive/texmf-dist/tex/latex/biblatex/cbx/numeric.cbx
File: numeric.cbx 2019/12/01 v3.14 biblatex citation style (PK/MW)
Package biblatex Info: Redefining '\cite'.
Package biblatex Info: Redefining '\parencite'.
Package biblatex Info: Redefining '\footcite'.
Package biblatex Info: Redefining '\footcitetext'.
Package biblatex Info: Redefining '\smartcite'.
Package biblatex Info: Redefining '\supercite'.
Package biblatex Info: Redefining '\textcite'.
Package biblatex Info: Redefining '\textcites'.
Package biblatex Info: Redefining '\cites'.
Package biblatex Info: Redefining '\parencites'.
Package biblatex Info: Redefining '\smartcites'.
)
Package biblatex Info: Trying to load configuration file...
Package biblatex Info: ... file 'biblatex.cfg' found.
 (/usr/share/texlive/texmf-dist/tex/latex/biblatex/biblatex.cfg
File: biblatex.cfg 
))

Package biblatex Warning: Patching footnotes failed.
(biblatex)                Footnote detection will not work.

\@quotelevel=\count501
\@quotereset=\count502
Class aastex7 Info: Unrecognized array package. Please update this document class! (Proceeding with fingers crossed.) on input line 144.

Class aastex7 Warning: Repair the float package.

Class aastex7 Info: Patching unrecognized longtable package. (Proceeding with fingers crossed) on input line 144.
Class aastex7 Info: cite was not loaded (OK!) on input line 144.
Class aastex7 Info: mcite was not loaded (OK!) on input line 144.
Class aastex7 Info: multicol was not loaded (OK!) on input line 144.
(./main.aux)
\openout1 = `main.aux'.

LaTeX Font Info:    Checking defaults for OML/cmm/m/it on input line 144.
LaTeX Font Info:    ... okay on input line 144.
LaTeX Font Info:    Checking defaults for OMS/cmsy/m/n on input line 144.
LaTeX Font Info:    ... okay on input line 144.
LaTeX Font Info:    Checking defaults for OT1/cmr/m/n on input line 144.
LaTeX Font Info:    ... okay on input line 144.
LaTeX Font Info:    Checking defaults for T1/cmr/m/n on input line 144.
LaTeX Font Info:    ... okay on input line 144.
LaTeX Font Info:    Checking defaults for TS1/cmr/m/n on input line 144.
LaTeX Font Info:    ... okay on input line 144.
LaTeX Font Info:    Checking defaults for TU/lmr/m/n on input line 144.
LaTeX Font Info:    ... okay on input line 144.
LaTeX Font Info:    Checking defaults for OMX/cmex/m/n on input line 144.
LaTeX Font Info:    ... okay on input line 144.
LaTeX Font Info:    Checking defaults for U/cmr/m/n on input line 144.
LaTeX Font Info:    ... okay on input line 144.
LaTeX Font Info:    Checking defaults for PD1/pdf/m/n on input line 144.
LaTeX Font Info:    ... okay on input line 144.
LaTeX Font Info:    Checking defaults for PU/pdf/m/n on input line 144.
LaTeX Font Info:    ... okay on input line 144.
\AtBeginShipoutBox=\box92
Package hyperref Info: Link coloring ON on input line 144.
 (/usr/share/texlive/texmf-dist/tex/latex/hyperref/nameref.sty
Package: nameref 2019/09/16 v2.46 Cross-referencing by name of section
 (/usr/share/texlive/texmf-dist/tex/latex/refcount/refcount.sty
Package: refcount 2019/12/15 v3.6 Data extraction from label references (HO)
) (/usr/share/texlive/texmf-dist/tex/generic/gettitlestring/gettitlestring.sty
Package: gettitlestring 2019/12/15 v1.6 Cleanup title references (HO)
)
\c@section@level=\count503
)
LaTeX Info: Redefining \ref on input line 144.
LaTeX Info: Redefining \pageref on input line 144.
LaTeX Info: Redefining \nameref on input line 144.
 (./main.out) (./main.out)
\@outlinefile=\write4
\openout4 = `main.out'.

 ABD: EverySelectfont initializing macros
LaTeX Info: Redefining \selectfont on input line 144.

Package fontspec Info: Adjusting the maths setup (use [no-math] to avoid
(fontspec)             this).

\symlegacymaths=\mathgroup7
LaTeX Font Info:    Overwriting symbol font `legacymaths' in version `bold'
(Font)                  OT1/cmr/m/n --> OT1/cmr/bx/n on input line 144.
LaTeX Font Info:    Redeclaring math accent \acute on input line 144.
LaTeX Font Info:    Redeclaring math accent \grave on input line 144.
LaTeX Font Info:    Redeclaring math accent \ddot on input line 144.
LaTeX Font Info:    Redeclaring math accent \tilde on input line 144.
LaTeX Font Info:    Redeclaring math accent \bar on input line 144.
LaTeX Font Info:    Redeclaring math accent \breve on input line 144.
LaTeX Font Info:    Redeclaring math accent \check on input line 144.
LaTeX Font Info:    Redeclaring math accent \hat on input line 144.
LaTeX Font Info:    Redeclaring math accent \dot on input line 144.
LaTeX Font Info:    Redeclaring math accent \mathring on input line 144.
LaTeX Font Info:    Redeclaring math symbol \Gamma on input line 144.
LaTeX Font Info:    Redeclaring math symbol \Delta on input line 144.
LaTeX Font Info:    Redeclaring math symbol \Theta on input line 144.
LaTeX Font Info:    Redeclaring math symbol \Lambda on input line 144.
LaTeX Font Info:    Redeclaring math symbol \Xi on input line 144.
LaTeX Font Info:    Redeclaring math symbol \Pi on input line 144.
LaTeX Font Info:    Redeclaring math symbol \Sigma on input line 144.
LaTeX Font Info:    Redeclaring math symbol \Upsilon on input line 144.
LaTeX Font Info:    Redeclaring math symbol \Phi on input line 144.
LaTeX Font Info:    Redeclaring math symbol \Psi on input line 144.
LaTeX Font Info:    Redeclaring math symbol \Omega on input line 144.
LaTeX Font Info:    Redeclaring math symbol \mathdollar on input line 144.
LaTeX Font Info:    Redeclaring symbol font `operators' on input line 144.
LaTeX Font Info:    Encoding `OT1' has changed to `TU' for symbol font
(Font)              `operators' in the math version `normal' on input line 144.
LaTeX Font Info:    Overwriting symbol font `operators' in version `normal'
(Font)                  OT1/cmr/m/n --> TU/lmr/m/n on input line 144.
LaTeX Font Info:    Encoding `OT1' has changed to `TU' for symbol font
(Font)              `operators' in the math version `bold' on input line 144.
LaTeX Font Info:    Overwriting symbol font `operators' in version `bold'
(Font)                  OT1/cmr/bx/n --> TU/lmr/m/n on input line 144.
LaTeX Font Info:    Overwriting symbol font `operators' in version `normal'
(Font)                  TU/lmr/m/n --> TU/lmr/m/n on input line 144.
LaTeX Font Info:    Overwriting math alphabet `\mathit' in version `normal'
(Font)                  OT1/cmr/m/it --> TU/lmr/m/it on input line 144.
LaTeX Font Info:    Overwriting math alphabet `\mathbf' in version `normal'
(Font)                  OT1/cmr/bx/n --> TU/lmr/b/n on input line 144.
LaTeX Font Info:    Overwriting math alphabet `\mathsf' in version `normal'
(Font)                  OT1/cmss/m/n --> TU/lmss/m/n on input line 144.
LaTeX Font Info:    Overwriting math alphabet `\mathtt' in version `normal'
(Font)                  OT1/cmtt/m/n --> TU/lmtt/m/n on input line 144.
LaTeX Font Info:    Overwriting symbol font `operators' in version `bold'
(Font)                  TU/lmr/m/n --> TU/lmr/b/n on input line 144.
LaTeX Font Info:    Overwriting math alphabet `\mathit' in version `bold'
(Font)                  OT1/cmr/bx/it --> TU/lmr/b/it on input line 144.
LaTeX Font Info:    Overwriting math alphabet `\mathsf' in version `bold'
(Font)                  OT1/cmss/bx/n --> TU/lmss/b/n on input line 144.
LaTeX Font Info:    Overwriting math alphabet `\mathtt' in version `bold'
(Font)                  OT1/cmtt/m/n --> TU/lmtt/b/n on input line 144.
Package lastpage Info: Please have a look at the pageslts package at
(lastpage)             https://www.ctan.org/pkg/pageslts
(lastpage)             ! on input line 144.
Package biblatex Info: Trying to load language 'english'...
Package biblatex Info: ... file 'english.lbx' found.
 (/usr/share/texlive/texmf-dist/tex/latex/biblatex/lbx/english.lbx
File: english.lbx 2019/12/01 v3.14 biblatex localization (PK/MW)
)
Package biblatex Info: XeTeX detected.
(biblatex)             Assuming input encoding 'utf8'.
Package biblatex Info: Automatic encoding selection.
(biblatex)             Assuming data encoding 'utf8'.
\openout3 = `main.bcf'.

Package biblatex Info: Trying to load bibliographic data...
Package biblatex Info: ... file 'main.bbl' not found.

No file main.bbl.
Package biblatex Info: Reference section=0 on input line 144.
Package biblatex Info: Reference segment=0 on input line 144.
(./sections/introduce.tex

Class aastex7 Warning: Assuming \noaffiliation for authors.


LaTeX Font Warning: Font shape `TU/FandolSong-Regular(0)/m/sc' undefined
(Font)              using `TU/FandolSong-Regular(0)/m/n' instead on input line 1.

LaTeX Font Info:    Trying to load font information for U+msa on input line 1.
(/usr/share/texlive/texmf-dist/tex/latex/amsfonts/umsa.fd
File: umsa.fd 2013/01/14 v3.01 AMS symbols A
)
LaTeX Font Info:    Trying to load font information for U+msb on input line 1.
 (/usr/share/texlive/texmf-dist/tex/latex/amsfonts/umsb.fd
File: umsb.fd 2013/01/14 v3.01 AMS symbols B
)

Package hyperref Warning: Ignoring empty anchor on input line 1.


Package fontspec Warning: Font "FandolHei-Regular" does not contain requested
(fontspec)                Script "CJK".


Package fontspec Info: Font family 'FandolHei-Regular(0)' created for font
(fontspec)             'FandolHei-Regular' with options
(fontspec)             [Script={CJK},Extension={.otf},BoldFont={FandolHei-Bold}].
(fontspec)              
(fontspec)              This font family consists of the following NFSS
(fontspec)             series/shapes:
(fontspec)              
(fontspec)             - 'normal' (m/n) with NFSS spec.:
(fontspec)             <->"[FandolHei-Regular.otf]/OT:language=dflt;"
(fontspec)             - 'small caps'  (m/sc) with NFSS spec.: 
(fontspec)             - 'bold' (b/n) with NFSS spec.:
(fontspec)             <->"[FandolHei-Bold.otf]/OT:language=dflt;"
(fontspec)             - 'bold small caps'  (b/sc) with NFSS spec.: 

File: Orcid-ID.png Graphic file (type bmp)
<Orcid-ID.png>
File: Orcid-ID.png Graphic file (type bmp)
<Orcid-ID.png>
File: Orcid-ID.png Graphic file (type bmp)
<Orcid-ID.png>
File: Orcid-ID.png Graphic file (type bmp)
<Orcid-ID.png>

Overfull \vbox (2.40384pt too high) has occurred while \output is active []

 [1]

LaTeX Warning: Citation 'abia2002' on page 2 undefined on input line 4.


LaTeX Warning: Citation 'christlieb2002' on page 2 undefined on input line 6.


LaTeX Warning: Citation 'ito2009' on page 2 undefined on input line 6.


LaTeX Warning: Citation 'hansen2011' on page 2 undefined on input line 8.

Missing character: There is no ≈ in font [lmroman10-regular]:mapping=tex-text;!

LaTeX Warning: Citation 'ito2009' on page 2 undefined on input line 10.


LaTeX Warning: Citation 'keller2014' on page 2 undefined on input line 10.

Missing character: There is no ≈ in font [lmroman10-regular]:mapping=tex-text;!

LaTeX Warning: Citation 'lucatello2005' on page 2 undefined on input line 10.


LaTeX Warning: Citation 'abia2002' on page 2 undefined on input line 12.


LaTeX Warning: Citation 'bisterzo2011' on page 2 undefined on input line 12.


LaTeX Warning: Citation 'norris2013' on page 2 undefined on input line 14.


LaTeX Warning: Citation 'masseron2010' on page 2 undefined on input line 14.


LaTeX Warning: Citation 'hansen2011' on page 2 undefined on input line 14.


LaTeX Warning: Citation 'yoon2016' on page 2 undefined on input line 16.


LaTeX Warning: Citation 'frebel2015' on page 2 undefined on input line 16.


LaTeX Warning: Citation 'li2015' on page 2 undefined on input line 22.


LaTeX Warning: Citation 'yuan2020' on page 2 undefined on input line 22.

) (./sections/relation_work_motivation.tex [2] [3]

LaTeX Warning: Citation 'ness2015cannon' on page 4 undefined on input line 38.


LaTeX Warning: Citation 'wang2020spcanet' on page 4 undefined on input line 41.


LaTeX Warning: Citation 'zhang2020slam' on page 4 undefined on input line 44.


LaTeX Warning: Citation 'li2023' on page 4 undefined on input line 46.


LaTeX Warning: Citation 'zhang2024' on page 4 undefined on input line 46.

[4]

LaTeX Warning: Reference `subsec:template_cemp' on page 5 undefined on input line 51.


LaTeX Warning: Citation 'ting2019' on page 5 undefined on input line 62.


LaTeX Warning: Citation 'bayescnn2022' on page 5 undefined on input line 63.


LaTeX Warning: Citation 'zhang2021_gan' on page 5 undefined on input line 64.

) (./sections/methodology.tex

LaTeX Warning: Citation 'beers1992' on page 5 undefined on input line 3.


LaTeX Warning: Citation 'aoki2007' on page 5 undefined on input line 3.


LaTeX Warning: Citation 'norris2013' on page 5 undefined on input line 3.

[5]

Package fontspec Warning: Font "FandolFang-Regular" does not contain requested
(fontspec)                Script "CJK".


Package fontspec Info: Font family 'FandolFang-Regular(0)' created for font
(fontspec)             'FandolFang-Regular' with options
(fontspec)             [Script={CJK},Extension={.otf}].
(fontspec)              
(fontspec)              This font family consists of the following NFSS
(fontspec)             series/shapes:
(fontspec)              
(fontspec)             - 'normal' (m/n) with NFSS spec.:
(fontspec)             <->"[FandolFang-Regular.otf]/OT:language=dflt;"
(fontspec)             - 'small caps'  (m/sc) with NFSS spec.: 


Overfull \hbox (82.22812pt too wide) in paragraph at lines 57--58
[]|[]|  
 []

[6] [7]

Package natbib Warning: Citation `Aoki2007' on page 8 undefined on input line 112.

[8] [9]) (./sections/model_introduction.tex

LaTeX Warning: Reference `subsec:preprocessing' on page 10 undefined on input line 9.


LaTeX Warning: `!h' float specifier changed to `!ht'.


./sections/model_introduction.tex:35: LaTeX Error: Something's wrong--perhaps a missing \item.

See the LaTeX manual or LaTeX Companion for explanation.
Type  H <return>  for immediate help.
 ...                                              
                                                  
l.35 ...5}{*}{连续谱分支 \\ (\texttt{CustomMoEBranch})}
                                                  
Try typing  <return>  to proceed.
If that doesn't work, type  X <return>  to quit.


./sections/model_introduction.tex:42: LaTeX Error: Something's wrong--perhaps a missing \item.

See the LaTeX manual or LaTeX Companion for explanation.
Type  H <return>  for immediate help.
 ...                                              
                                                  
l.42 ...谱分支 \\ (\texttt{MultiScalePyramidBranch})}
                                                   % multrow包问题，这里检测不到主文件引入了
Try typing  <return>  to proceed.
If that doesn't work, type  X <return>  to quit.


./sections/model_introduction.tex:49: LaTeX Error: Something's wrong--perhaps a missing \item.

See the LaTeX manual or LaTeX Companion for explanation.
Type  H <return>  for immediate help.
 ...                                              
                                                  
l.49 ...row{3}{*}{预测头 \\ (\texttt{MultiTaskHead})}
                                                  
Try typing  <return>  to proceed.
If that doesn't work, type  X <return>  to quit.


LaTeX Warning: `!h' float specifier changed to `!ht'.

[10] [11]) (./sections/search_results.tex) (./sections/discussion_and_validation.tex) (./sections/conclusion.tex) (./sections/acknowledgments.tex) (./sections/appendix.tex)

Package natbib Warning: There were undefined citations.


AED: lastpage setting LastPage
[12]
Package atveryend Info: Empty hook `AfterLastShipout' on input line 302.


Package biblatex Warning: Please (re)run Biber on the file:
(biblatex)                main
(biblatex)                and rerun LaTeX afterwards.

Package atveryend Info: Empty hook `AtVeryEndDocument' on input line 302.
Package logreq Info: Writing requests to 'main.run.xml'.
\openout1 = `main.run.xml'.

(./main.aux)
Package atveryend Info: Executing hook `AtEndAfterFileList' on input line 302.
Package rerunfilecheck Info: File `main.out' has not changed.
(rerunfilecheck)             Checksum: 66D2337BA04ADA1CE7C1873211143B68;3658.


LaTeX Font Warning: Some font shapes were not available, defaults substituted.


LaTeX Warning: There were undefined references.

 ) 
Here is how much of TeX's memory you used:
 26139 strings out of 481342
 515917 string characters out of 5925288
 1264528 words of memory out of 5000000
 42774 multiletter control sequences out of 15000+600000
 541819 words of font info for 110 fonts, out of 8000000 for 9000
 264 hyphenation exceptions out of 8191
 57i,11n,72p,958b,1193s stack positions out of 5000i,500n,10000p,200000b,80000s

Output written on main.pdf (12 pages).
