\BOOKMARK [1][-]{section.1}{\376\377\000I\000n\000t\000r\000o\000d\000u\000c\000t\000i\000o\000n}{}% 1
\BOOKMARK [1][-]{section.2}{\376\377\166\370\121\163\135\345\117\134\124\214\145\271\154\325}{}% 2
\BOOKMARK [2][-]{subsection.2.1}{\376\377\152\041\147\177\123\071\221\115\154\325}{section.2}% 3
\BOOKMARK [3][-]{subsubsection.2.1.1}{\376\377\123\302\200\003\121\111\214\061\136\223\166\204\147\204\136\372}{subsection.2.1}% 4
\BOOKMARK [3][-]{subsubsection.2.1.2}{\376\377\121\111\214\061\123\071\221\115\116\016\123\302\145\160\117\030\123\026}{subsection.2.1}% 5
\BOOKMARK [3][-]{subsubsection.2.1.3}{\376\377\176\323\147\234\166\204\124\016\131\004\164\006\116\016\232\214\213\301}{subsection.2.1}% 6
\BOOKMARK [3][-]{subsubsection.2.1.4}{\376\377\000T\000h\000e\000\040\000C\000a\000n\000n\000o\000n\000:\000\040\145\160\143\156\232\161\122\250\166\204\121\111\214\061\136\372\152\041\127\372\167\363}{subsection.2.1}% 7
\BOOKMARK [3][-]{subsubsection.2.1.5}{\376\377\000S\000P\000C\000A\000N\000e\000t\000:\000\040\207\215\124\010\116\073\142\020\122\006\122\006\147\220\166\204\155\367\124\010\152\041\127\213}{subsection.2.1}% 8
\BOOKMARK [3][-]{subsubsection.2.1.6}{\376\377\000S\000L\000A\000M\000:\000\040\172\357\122\060\172\357\166\204\123\167\171\357\171\136\176\317\177\121\176\334\145\271\154\325}{subsection.2.1}% 9
\BOOKMARK [3][-]{subsubsection.2.1.7}{\376\377\000S\000p\000e\000c\000C\000L\000I\000P\000:\000\040\127\372\116\216\133\371\153\324\133\146\116\140\166\204\121\111\214\061\127\372\170\100\152\041\127\213}{subsection.2.1}% 10
\BOOKMARK [2][-]{subsection.2.2}{\376\377\170\024\172\166\122\250\147\072\116\016\145\271\154\325\227\151\145\260}{section.2}% 11
\BOOKMARK [2][-]{subsection.2.3}{\376\377\170\024\172\166\145\271\154\325\151\202\217\360}{section.2}% 12
\BOOKMARK [2][-]{subsection.2.4}{\376\377\145\160\143\156\173\133\220\011\150\007\121\306}{section.2}% 13
\BOOKMARK [2][-]{subsection.2.5}{\376\377\154\342\225\177\203\003\126\364\220\011\142\351\117\235\143\156}{section.2}% 14
\BOOKMARK [2][-]{subsection.2.6}{\376\377\213\255\176\303\145\160\143\156\226\306\147\204\136\372\116\016\230\204\131\004\164\006}{section.2}% 15
\BOOKMARK [1][-]{section.3}{\376\377\137\002\147\204\162\171\137\201\155\101\177\121\176\334\000\040\000\050\000H\000F\000S\000-\000N\000e\000t\000\051}{}% 16
\BOOKMARK [2][-]{subsection.3.1}{\376\377\152\041\127\213\140\073\117\123\147\266\147\204}{section.3}% 17
\BOOKMARK [2][-]{subsection.3.2}{\376\377\150\070\137\303\152\041\127\127\213\346\211\343}{section.3}% 18
\BOOKMARK [3][-]{subsubsection.3.2.1}{\376\377\217\336\176\355\214\061\122\006\145\057\377\032\127\372\116\216\230\221\127\337\166\204\155\367\124\010\116\023\133\266\177\121\176\334}{subsection.3.2}% 19
\BOOKMARK [3][-]{subsubsection.3.2.2}{\376\377\137\122\116\000\123\026\214\061\122\006\145\057\377\032\131\032\134\072\136\246\221\321\133\127\130\124\123\167\171\357\177\121\176\334}{subsection.3.2}% 20
\BOOKMARK [3][-]{subsubsection.3.2.3}{\376\377\162\171\137\201\207\215\124\010\116\016\131\032\116\373\122\241\230\204\155\113}{subsection.3.2}% 21
\BOOKMARK [2][-]{subsection.3.3}{\376\377\213\255\176\303\173\126\165\145}{section.3}% 22
\BOOKMARK [1][-]{section.4}{\376\377\000R\000e\000s\000u\000l\000t\000s}{}% 23
\BOOKMARK [1][-]{section.5}{\376\377\000D\000i\000s\000c\000u\000s\000s\000i\000o\000n}{}% 24
\BOOKMARK [1][-]{section.6}{\376\377\000C\000o\000n\000c\000l\000u\000s\000i\000o\000n}{}% 25
\BOOKMARK [1][-]{section.7}{\376\377\000A\000c\000k\000n\000o\000w\000l\000e\000d\000g\000m\000e\000n\000t\000s}{}% 26
\BOOKMARK [1][-]{section.8}{\376\377\000A\000p\000p\000e\000n\000d\000i\000x}{}% 27
